[2mLoaded Prisma config from prisma.config.ts.
[22m
/Users/dobedub/Documents/source/ola/back/node_modules/@prisma/client/src/runtime/getPrismaClient.ts:320
        throw new PrismaClientInitializationError(
              ^
PrismaClientInitializationError: `PrismaClient` needs to be constructed with a non-empty, valid `PrismaClientOptions`:

```
new PrismaClient({
  ...
})
```

or

```
constructor() {
  super({ ... });
}
```
          
    at new t (/Users/dobedub/Documents/source/ola/back/node_modules/@prisma/client/src/runtime/getPrismaClient.ts:320:15)
    at Object.<anonymous> (/Users/dobedub/Documents/source/ola/back/prisma/seed.ts:3:16)
    at Module._compile (node:internal/modules/cjs/loader:1760:14)
    at Module.m._compile (/Users/dobedub/Documents/source/ola/back/node_modules/ts-node/src/index.ts:1618:23)
    at node:internal/modules/cjs/loader:1893:10
    at Object.require.extensions.<computed> [as .ts] (/Users/dobedub/Documents/source/ola/back/node_modules/ts-node/src/index.ts:1621:12)
    at Module.load (node:internal/modules/cjs/loader:1480:32)
    at Module._load (node:internal/modules/cjs/loader:1299:12)
    at TracingChannel.traceSync (node:diagnostics_channel:328:14)
    at wrapModuleLoad (node:internal/modules/cjs/loader:244:24) {
  clientVersion: '7.7.0',
  errorCode: undefined,
  retryable: undefined
}
[1m[31m
An error occurred while running the seed command:[39m[22m
[31mError: Command failed with exit code 1: ts-node ./prisma/seed.ts[39m
